{"contracts/EvlrStaker.sol":{"l":{"43":21,"44":21,"45":21,"46":21,"47":21,"48":21,"49":21,"64":1,"72":0,"76":0,"84":0,"85":0,"86":0,"87":0,"91":0,"107":4,"113":4,"114":4,"115":4,"116":4,"117":4,"120":4,"123":4,"126":4,"129":4,"134":3,"135":3,"152":0,"157":0,"158":0,"159":0,"160":0,"162":0,"164":0,"169":0,"170":0,"171":0,"175":0,"177":0,"178":0,"179":0,"187":0,"188":0,"189":0,"190":0,"196":0,"200":0,"204":0,"205":0,"206":0,"207":0,"209":0,"211":0,"215":0,"216":0,"217":0,"218":0,"220":0,"221":0,"231":0,"232":0,"233":0,"234":0,"236":0,"238":0,"239":0,"242":0,"251":4,"252":4,"253":4,"254":4,"255":4,"256":4,"260":0,"261":0,"262":0,"263":0,"264":0,"265":0,"267":0,"269":0},"path":"/home/yannyd/VLR-Staking/contracts/EvlrStaker.sol","s":{"1":21,"2":21,"3":21,"4":21,"5":21,"6":21,"7":21,"8":1,"9":0,"10":0,"11":0,"12":0,"13":0,"14":0,"15":0,"16":4,"17":4,"18":4,"19":4,"20":4,"21":4,"22":4,"23":4,"24":4,"25":4,"26":3,"27":3,"28":0,"29":0,"30":0,"31":0,"32":0,"33":0,"34":0,"35":0,"36":0,"37":0,"38":0,"39":0,"40":0,"41":0,"42":0,"43":0,"44":0,"45":0,"46":0,"47":0,"48":0,"49":0,"50":0,"51":0,"52":0,"53":0,"54":0,"55":0,"56":0,"57":0,"58":0,"59":0,"60":0,"61":0,"62":0,"63":0,"64":0,"65":0,"66":0,"67":4,"68":4,"69":4,"70":4,"71":4,"72":4,"73":0,"74":0,"75":0,"76":0,"77":0,"78":0,"79":0,"80":0},"b":{"1":[0,0],"2":[4,0],"3":[0,0],"4":[0,0],"5":[0,0],"6":[0,0],"7":[0,0],"8":[0,0],"9":[0,0],"10":[0,0]},"f":{"1":21,"2":1,"3":0,"4":0,"5":0,"6":4,"7":0,"8":0,"9":0,"10":0,"11":0,"12":4,"13":0},"fnMap":{"1":{"name":"constructor","line":42,"loc":{"start":{"line":33,"column":4},"end":{"line":50,"column":4}}},"2":{"name":"getCharityAddress","line":59,"loc":{"start":{"line":59,"column":4},"end":{"line":65,"column":4}}},"3":{"name":"getStakingRewardsBag","line":67,"loc":{"start":{"line":67,"column":4},"end":{"line":73,"column":4}}},"4":{"name":"getTotalCharityCollected","line":75,"loc":{"start":{"line":75,"column":4},"end":{"line":77,"column":4}}},"5":{"name":"_getStakeValue","line":79,"loc":{"start":{"line":79,"column":4},"end":{"line":95,"column":4}}},"6":{"name":"stake","line":97,"loc":{"start":{"line":97,"column":4},"end":{"line":140,"column":4}}},"7":{"name":"unstake","line":142,"loc":{"start":{"line":142,"column":4},"end":{"line":180,"column":4}}},"8":{"name":"_bagsOwned","line":182,"loc":{"start":{"line":182,"column":4},"end":{"line":193,"column":4}}},"9":{"name":"distributeRewards","line":195,"loc":{"start":{"line":195,"column":4},"end":{"line":212,"column":4}}},"10":{"name":"_resetRewardsStakes","line":214,"loc":{"start":{"line":214,"column":4},"end":{"line":224,"column":4}}},"11":{"name":"_getTotalStakedValue","line":226,"loc":{"start":{"line":226,"column":4},"end":{"line":243,"column":4}}},"12":{"name":"_createStakeBag","line":245,"loc":{"start":{"line":245,"column":4},"end":{"line":257,"column":4}}},"13":{"name":"_closeUnstakedBags","line":259,"loc":{"start":{"line":259,"column":4},"end":{"line":273,"column":4}}}},"statementMap":{"1":{"start":{"line":43,"column":8},"end":{"line":43,"column":49}},"2":{"start":{"line":44,"column":8},"end":{"line":44,"column":28}},"3":{"start":{"line":45,"column":8},"end":{"line":45,"column":45}},"4":{"start":{"line":46,"column":8},"end":{"line":46,"column":40}},"5":{"start":{"line":47,"column":8},"end":{"line":47,"column":31}},"6":{"start":{"line":48,"column":8},"end":{"line":48,"column":31}},"7":{"start":{"line":49,"column":8},"end":{"line":49,"column":25}},"8":{"start":{"line":64,"column":8},"end":{"line":64,"column":45}},"9":{"start":{"line":72,"column":8},"end":{"line":72,"column":39}},"10":{"start":{"line":76,"column":8},"end":{"line":76,"column":36}},"11":{"start":{"line":84,"column":8},"end":{"line":84,"column":52}},"12":{"start":{"line":85,"column":8},"end":{"line":85,"column":19}},"13":{"start":{"line":86,"column":8},"end":{"line":86,"column":2825}},"14":{"start":{"line":87,"column":12},"end":{"line":87,"column":2901}},"15":{"start":{"line":91,"column":12},"end":{"line":91,"column":3045}},"16":{"start":{"line":107,"column":8},"end":{"line":107,"column":3474}},"17":{"start":{"line":113,"column":8},"end":{"line":113,"column":63}},"18":{"start":{"line":114,"column":8},"end":{"line":114,"column":42}},"19":{"start":{"line":115,"column":8},"end":{"line":115,"column":63}},"20":{"start":{"line":116,"column":8},"end":{"line":116,"column":46}},"21":{"start":{"line":117,"column":8},"end":{"line":117,"column":57}},"22":{"start":{"line":120,"column":8},"end":{"line":120,"column":4054}},"23":{"start":{"line":123,"column":8},"end":{"line":123,"column":36}},"24":{"start":{"line":126,"column":8},"end":{"line":126,"column":66}},"25":{"start":{"line":129,"column":8},"end":{"line":129,"column":4298}},"26":{"start":{"line":134,"column":8},"end":{"line":134,"column":70}},"27":{"start":{"line":135,"column":8},"end":{"line":135,"column":4499}},"28":{"start":{"line":152,"column":8},"end":{"line":152,"column":4937}},"29":{"start":{"line":157,"column":8},"end":{"line":157,"column":61}},"30":{"start":{"line":158,"column":8},"end":{"line":158,"column":42}},"31":{"start":{"line":159,"column":8},"end":{"line":159,"column":62}},"32":{"start":{"line":160,"column":8},"end":{"line":160,"column":56}},"33":{"start":{"line":162,"column":8},"end":{"line":162,"column":43}},"34":{"start":{"line":164,"column":8},"end":{"line":164,"column":5377}},"35":{"start":{"line":169,"column":8},"end":{"line":169,"column":46}},"36":{"start":{"line":170,"column":8},"end":{"line":170,"column":57}},"37":{"start":{"line":171,"column":8},"end":{"line":171,"column":5669}},"38":{"start":{"line":175,"column":8},"end":{"line":175,"column":41}},"39":{"start":{"line":177,"column":8},"end":{"line":177,"column":63}},"40":{"start":{"line":178,"column":8},"end":{"line":178,"column":54}},"41":{"start":{"line":179,"column":8},"end":{"line":179,"column":54}},"42":{"start":{"line":187,"column":8},"end":{"line":187,"column":22}},"43":{"start":{"line":188,"column":8},"end":{"line":188,"column":6176}},"44":{"start":{"line":189,"column":12},"end":{"line":189,"column":6238}},"45":{"start":{"line":196,"column":8},"end":{"line":196,"column":6411}},"46":{"start":{"line":200,"column":8},"end":{"line":200,"column":6550}},"47":{"start":{"line":204,"column":8},"end":{"line":204,"column":72}},"48":{"start":{"line":205,"column":8},"end":{"line":205,"column":6775}},"49":{"start":{"line":206,"column":12},"end":{"line":206,"column":65}},"50":{"start":{"line":207,"column":12},"end":{"line":207,"column":6924}},"51":{"start":{"line":209,"column":12},"end":{"line":209,"column":72}},"52":{"start":{"line":211,"column":8},"end":{"line":211,"column":28}},"53":{"start":{"line":215,"column":8},"end":{"line":215,"column":7167}},"54":{"start":{"line":216,"column":12},"end":{"line":216,"column":7229}},"55":{"start":{"line":217,"column":16},"end":{"line":217,"column":52}},"56":{"start":{"line":218,"column":16},"end":{"line":218,"column":27}},"57":{"start":{"line":220,"column":16},"end":{"line":220,"column":52}},"58":{"start":{"line":221,"column":16},"end":{"line":221,"column":37}},"59":{"start":{"line":231,"column":8},"end":{"line":231,"column":30}},"60":{"start":{"line":232,"column":8},"end":{"line":232,"column":7639}},"61":{"start":{"line":233,"column":12},"end":{"line":233,"column":7701}},"62":{"start":{"line":234,"column":16},"end":{"line":234,"column":7783}},"63":{"start":{"line":236,"column":16},"end":{"line":236,"column":66}},"64":{"start":{"line":238,"column":16},"end":{"line":238,"column":76}},"65":{"start":{"line":239,"column":16},"end":{"line":239,"column":66}},"66":{"start":{"line":242,"column":8},"end":{"line":242,"column":25}},"67":{"start":{"line":251,"column":8},"end":{"line":251,"column":31}},"68":{"start":{"line":252,"column":8},"end":{"line":252,"column":35}},"69":{"start":{"line":253,"column":8},"end":{"line":253,"column":33}},"70":{"start":{"line":254,"column":8},"end":{"line":254,"column":41}},"71":{"start":{"line":255,"column":8},"end":{"line":255,"column":34}},"72":{"start":{"line":256,"column":8},"end":{"line":256,"column":26}},"73":{"start":{"line":260,"column":8},"end":{"line":260,"column":28}},"74":{"start":{"line":261,"column":8},"end":{"line":261,"column":8623}},"75":{"start":{"line":262,"column":12},"end":{"line":262,"column":8685}},"76":{"start":{"line":263,"column":16},"end":{"line":263,"column":8744}},"77":{"start":{"line":264,"column":20},"end":{"line":264,"column":55}},"78":{"start":{"line":265,"column":20},"end":{"line":265,"column":53}},"79":{"start":{"line":267,"column":20},"end":{"line":267,"column":8980}},"80":{"start":{"line":269,"column":20},"end":{"line":269,"column":53}}},"branchMap":{"1":{"line":86,"type":"if","locations":[{"start":{"line":86,"column":8},"end":{"line":86,"column":8}},{"start":{"line":86,"column":8},"end":{"line":86,"column":8}}]},"2":{"line":107,"type":"if","locations":[{"start":{"line":107,"column":8},"end":{"line":107,"column":8}},{"start":{"line":107,"column":8},"end":{"line":107,"column":8}}]},"3":{"line":152,"type":"if","locations":[{"start":{"line":152,"column":8},"end":{"line":152,"column":8}},{"start":{"line":152,"column":8},"end":{"line":152,"column":8}}]},"4":{"line":189,"type":"if","locations":[{"start":{"line":189,"column":12},"end":{"line":189,"column":12}},{"start":{"line":189,"column":12},"end":{"line":189,"column":12}}]},"5":{"line":196,"type":"if","locations":[{"start":{"line":196,"column":8},"end":{"line":196,"column":8}},{"start":{"line":196,"column":8},"end":{"line":196,"column":8}}]},"6":{"line":200,"type":"if","locations":[{"start":{"line":200,"column":8},"end":{"line":200,"column":8}},{"start":{"line":200,"column":8},"end":{"line":200,"column":8}}]},"7":{"line":216,"type":"if","locations":[{"start":{"line":216,"column":12},"end":{"line":216,"column":12}},{"start":{"line":216,"column":12},"end":{"line":216,"column":12}}]},"8":{"line":233,"type":"if","locations":[{"start":{"line":233,"column":12},"end":{"line":233,"column":12}},{"start":{"line":233,"column":12},"end":{"line":233,"column":12}}]},"9":{"line":262,"type":"if","locations":[{"start":{"line":262,"column":12},"end":{"line":262,"column":12}},{"start":{"line":262,"column":12},"end":{"line":262,"column":12}}]},"10":{"line":263,"type":"if","locations":[{"start":{"line":263,"column":16},"end":{"line":263,"column":16}},{"start":{"line":263,"column":16},"end":{"line":263,"column":16}}]}}},"contracts/PancakeSwap/IPancakeRouter01.sol":{"l":{},"path":"/home/yannyd/VLR-Staking/contracts/PancakeSwap/IPancakeRouter01.sol","s":{},"b":{},"f":{},"fnMap":{},"statementMap":{},"branchMap":{}},"contracts/PancakeSwap/IPancakeRouter02.sol":{"l":{},"path":"/home/yannyd/VLR-Staking/contracts/PancakeSwap/IPancakeRouter02.sol","s":{},"b":{},"f":{},"fnMap":{},"statementMap":{},"branchMap":{}},"contracts/SampleBEP20s/MockEVLR1.sol":{"l":{"10":39,"14":0},"path":"/home/yannyd/VLR-Staking/contracts/SampleBEP20s/MockEVLR1.sol","s":{"1":39,"2":0},"b":{},"f":{"1":39,"2":0},"fnMap":{"1":{"name":"constructor","line":9,"loc":{"start":{"line":9,"column":4},"end":{"line":11,"column":4}}},"2":{"name":"getContractAddress","line":13,"loc":{"start":{"line":13,"column":4},"end":{"line":15,"column":4}}}},"statementMap":{"1":{"start":{"line":10,"column":8},"end":{"line":10,"column":39}},"2":{"start":{"line":14,"column":8},"end":{"line":14,"column":38}}},"branchMap":{}},"contracts/SampleBEP20s/MockEVLR2.sol":{"l":{"10":18,"14":0},"path":"/home/yannyd/VLR-Staking/contracts/SampleBEP20s/MockEVLR2.sol","s":{"1":18,"2":0},"b":{},"f":{"1":18,"2":0},"fnMap":{"1":{"name":"constructor","line":9,"loc":{"start":{"line":9,"column":4},"end":{"line":11,"column":4}}},"2":{"name":"getContractAddress","line":13,"loc":{"start":{"line":13,"column":4},"end":{"line":15,"column":4}}}},"statementMap":{"1":{"start":{"line":10,"column":8},"end":{"line":10,"column":39}},"2":{"start":{"line":14,"column":8},"end":{"line":14,"column":38}}},"branchMap":{}},"contracts/SampleBEP20s/MockMTC.sol":{"l":{"10":18,"14":0},"path":"/home/yannyd/VLR-Staking/contracts/SampleBEP20s/MockMTC.sol","s":{"1":18,"2":0},"b":{},"f":{"1":18,"2":0},"fnMap":{"1":{"name":"constructor","line":9,"loc":{"start":{"line":9,"column":4},"end":{"line":11,"column":4}}},"2":{"name":"getContractAddress","line":13,"loc":{"start":{"line":13,"column":4},"end":{"line":15,"column":4}}}},"statementMap":{"1":{"start":{"line":10,"column":8},"end":{"line":10,"column":39}},"2":{"start":{"line":14,"column":8},"end":{"line":14,"column":38}}},"branchMap":{}},"contracts/SampleBEP20s/VlrContract.sol":{"l":{"10":18,"14":0},"path":"/home/yannyd/VLR-Staking/contracts/SampleBEP20s/VlrContract.sol","s":{"1":18,"2":0},"b":{},"f":{"1":18,"2":0},"fnMap":{"1":{"name":"constructor","line":9,"loc":{"start":{"line":9,"column":4},"end":{"line":11,"column":4}}},"2":{"name":"getContractAddress","line":13,"loc":{"start":{"line":13,"column":4},"end":{"line":15,"column":4}}}},"statementMap":{"1":{"start":{"line":10,"column":8},"end":{"line":10,"column":39}},"2":{"start":{"line":14,"column":8},"end":{"line":14,"column":38}}},"branchMap":{}},"contracts/VlrStaker.sol":{"l":{"38":18,"39":18,"40":18,"41":18,"42":18,"43":18,"44":18,"45":18,"46":18,"62":1,"70":2,"78":2,"81":0,"88":21,"89":21,"90":21,"91":18,"95":3,"103":0,"104":0,"129":24,"135":23,"136":23,"137":23,"138":23,"139":23,"140":23,"143":23,"146":23,"149":23,"152":23,"153":22,"154":22,"160":22,"164":9,"178":9,"183":8,"184":8,"185":8,"186":8,"187":8,"189":8,"195":8,"200":8,"201":8,"202":8,"210":8,"212":8,"214":8,"216":8,"218":8,"226":0,"227":0,"228":0,"229":0,"240":2,"244":1,"245":1,"246":2,"247":2,"248":2,"249":14,"250":14,"252":14,"259":1,"264":1,"267":7,"268":0,"269":0,"271":7,"272":7,"283":6,"284":6,"285":27,"286":3,"289":3,"291":24,"293":24,"296":6,"305":23,"306":23,"307":23,"308":23,"309":23,"310":23,"315":8,"316":8,"317":24,"318":13,"319":5,"320":5,"322":8,"324":8},"path":"/home/yannyd/VLR-Staking/contracts/VlrStaker.sol","s":{"1":18,"2":18,"3":18,"4":18,"5":18,"6":18,"7":18,"8":18,"9":18,"10":1,"11":2,"12":2,"13":0,"14":21,"15":21,"16":21,"17":18,"18":3,"19":0,"20":0,"21":24,"22":23,"23":23,"24":23,"25":23,"26":23,"27":23,"28":23,"29":23,"30":23,"31":23,"32":22,"33":22,"34":22,"35":9,"36":9,"37":8,"38":8,"39":8,"40":8,"41":8,"42":8,"43":8,"44":8,"45":8,"46":8,"47":8,"48":8,"49":8,"50":8,"51":8,"52":0,"53":0,"54":0,"55":2,"56":1,"57":1,"58":2,"59":2,"60":2,"61":14,"62":14,"63":14,"64":1,"65":1,"66":7,"67":0,"68":0,"69":7,"70":7,"71":6,"72":6,"73":27,"74":3,"75":3,"76":24,"77":24,"78":6,"79":23,"80":23,"81":23,"82":23,"83":23,"84":23,"85":8,"86":8,"87":24,"88":13,"89":5,"90":5,"91":8,"92":8},"b":{"1":[18,3],"2":[23,1],"3":[8,1],"4":[0,0],"5":[1,1],"6":[0,7],"7":[3,24],"8":[13,11],"9":[5,8]},"f":{"1":18,"2":1,"3":2,"4":2,"5":0,"6":21,"7":0,"8":24,"9":9,"10":9,"11":0,"12":2,"13":1,"14":6,"15":23,"16":8},"fnMap":{"1":{"name":"constructor","line":37,"loc":{"start":{"line":30,"column":4},"end":{"line":47,"column":4}}},"2":{"name":"getCharityAddress","line":57,"loc":{"start":{"line":57,"column":4},"end":{"line":63,"column":4}}},"3":{"name":"getStakingRewardsBag","line":65,"loc":{"start":{"line":65,"column":4},"end":{"line":71,"column":4}}},"4":{"name":"getStake","line":73,"loc":{"start":{"line":73,"column":4},"end":{"line":79,"column":4}}},"5":{"name":"getTotalCharityCollected","line":80,"loc":{"start":{"line":80,"column":4},"end":{"line":82,"column":4}}},"6":{"name":"getStakeValue","line":83,"loc":{"start":{"line":83,"column":4},"end":{"line":99,"column":4}}},"7":{"name":"_buyMtc","line":102,"loc":{"start":{"line":102,"column":4},"end":{"line":111,"column":4}}},"8":{"name":"stakeWithTimeParameters","line":114,"loc":{"start":{"line":114,"column":4},"end":{"line":161,"column":4}}},"9":{"name":"stake","line":163,"loc":{"start":{"line":163,"column":4},"end":{"line":165,"column":4}}},"10":{"name":"unstake","line":167,"loc":{"start":{"line":167,"column":4},"end":{"line":219,"column":4}}},"11":{"name":"_bagsOwned","line":221,"loc":{"start":{"line":221,"column":4},"end":{"line":232,"column":4}}},"12":{"name":"distributeRewards","line":236,"loc":{"start":{"line":236,"column":4},"end":{"line":260,"column":4}}},"13":{"name":"resetRewardsStakes","line":263,"loc":{"start":{"line":263,"column":4},"end":{"line":275,"column":4}}},"14":{"name":"getTotalStakedValue","line":278,"loc":{"start":{"line":278,"column":4},"end":{"line":297,"column":4}}},"15":{"name":"_createStakeBag","line":299,"loc":{"start":{"line":299,"column":4},"end":{"line":311,"column":4}}},"16":{"name":"closeUnstakedBags","line":314,"loc":{"start":{"line":314,"column":4},"end":{"line":328,"column":4}}}},"statementMap":{"1":{"start":{"line":38,"column":8},"end":{"line":38,"column":53}},"2":{"start":{"line":39,"column":8},"end":{"line":39,"column":28}},"3":{"start":{"line":40,"column":8},"end":{"line":40,"column":45}},"4":{"start":{"line":41,"column":8},"end":{"line":41,"column":45}},"5":{"start":{"line":42,"column":8},"end":{"line":42,"column":38}},"6":{"start":{"line":43,"column":8},"end":{"line":43,"column":38}},"7":{"start":{"line":44,"column":8},"end":{"line":44,"column":45}},"8":{"start":{"line":45,"column":8},"end":{"line":45,"column":62}},"9":{"start":{"line":46,"column":8},"end":{"line":46,"column":40}},"10":{"start":{"line":62,"column":8},"end":{"line":62,"column":45}},"11":{"start":{"line":70,"column":8},"end":{"line":70,"column":39}},"12":{"start":{"line":78,"column":8},"end":{"line":78,"column":39}},"13":{"start":{"line":81,"column":8},"end":{"line":81,"column":36}},"14":{"start":{"line":88,"column":8},"end":{"line":88,"column":52}},"15":{"start":{"line":89,"column":8},"end":{"line":89,"column":19}},"16":{"start":{"line":90,"column":8},"end":{"line":90,"column":3039}},"17":{"start":{"line":91,"column":12},"end":{"line":91,"column":3115}},"18":{"start":{"line":95,"column":12},"end":{"line":95,"column":3259}},"19":{"start":{"line":103,"column":8},"end":{"line":103,"column":55}},"20":{"start":{"line":104,"column":8},"end":{"line":104,"column":3589}},"21":{"start":{"line":129,"column":8},"end":{"line":129,"column":4285}},"22":{"start":{"line":135,"column":8},"end":{"line":135,"column":54}},"23":{"start":{"line":136,"column":8},"end":{"line":136,"column":42}},"24":{"start":{"line":137,"column":8},"end":{"line":137,"column":49}},"25":{"start":{"line":138,"column":8},"end":{"line":138,"column":55}},"26":{"start":{"line":139,"column":8},"end":{"line":139,"column":46}},"27":{"start":{"line":140,"column":8},"end":{"line":140,"column":51}},"28":{"start":{"line":143,"column":8},"end":{"line":143,"column":4947}},"29":{"start":{"line":146,"column":8},"end":{"line":146,"column":36}},"30":{"start":{"line":149,"column":8},"end":{"line":149,"column":67}},"31":{"start":{"line":152,"column":8},"end":{"line":152,"column":78}},"32":{"start":{"line":153,"column":8},"end":{"line":153,"column":69}},"33":{"start":{"line":154,"column":8},"end":{"line":154,"column":5345}},"34":{"start":{"line":160,"column":8},"end":{"line":160,"column":68}},"35":{"start":{"line":164,"column":8},"end":{"line":164,"column":65}},"36":{"start":{"line":178,"column":8},"end":{"line":178,"column":6070}},"37":{"start":{"line":183,"column":8},"end":{"line":183,"column":53}},"38":{"start":{"line":184,"column":8},"end":{"line":184,"column":42}},"39":{"start":{"line":185,"column":8},"end":{"line":185,"column":48}},"40":{"start":{"line":186,"column":8},"end":{"line":186,"column":54}},"41":{"start":{"line":187,"column":8},"end":{"line":187,"column":50}},"42":{"start":{"line":189,"column":8},"end":{"line":189,"column":43}},"43":{"start":{"line":195,"column":8},"end":{"line":195,"column":6967}},"44":{"start":{"line":200,"column":8},"end":{"line":200,"column":46}},"45":{"start":{"line":201,"column":8},"end":{"line":201,"column":57}},"46":{"start":{"line":202,"column":8},"end":{"line":202,"column":7259}},"47":{"start":{"line":210,"column":8},"end":{"line":210,"column":41}},"48":{"start":{"line":212,"column":8},"end":{"line":212,"column":62}},"49":{"start":{"line":214,"column":8},"end":{"line":214,"column":52}},"50":{"start":{"line":216,"column":8},"end":{"line":216,"column":53}},"51":{"start":{"line":218,"column":8},"end":{"line":218,"column":53}},"52":{"start":{"line":226,"column":8},"end":{"line":226,"column":22}},"53":{"start":{"line":227,"column":8},"end":{"line":227,"column":7940}},"54":{"start":{"line":228,"column":12},"end":{"line":228,"column":8002}},"55":{"start":{"line":240,"column":8},"end":{"line":240,"column":8366}},"56":{"start":{"line":244,"column":8},"end":{"line":244,"column":32}},"57":{"start":{"line":245,"column":8},"end":{"line":245,"column":8539}},"58":{"start":{"line":246,"column":12},"end":{"line":246,"column":60}},"59":{"start":{"line":247,"column":12},"end":{"line":247,"column":75}},"60":{"start":{"line":248,"column":12},"end":{"line":248,"column":8753}},"61":{"start":{"line":249,"column":16},"end":{"line":249,"column":68}},"62":{"start":{"line":250,"column":16},"end":{"line":250,"column":8909}},"63":{"start":{"line":252,"column":16},"end":{"line":252,"column":9003}},"64":{"start":{"line":259,"column":8},"end":{"line":259,"column":27}},"65":{"start":{"line":264,"column":8},"end":{"line":264,"column":9369}},"66":{"start":{"line":267,"column":12},"end":{"line":267,"column":9621}},"67":{"start":{"line":268,"column":16},"end":{"line":268,"column":52}},"68":{"start":{"line":269,"column":16},"end":{"line":269,"column":27}},"69":{"start":{"line":271,"column":16},"end":{"line":271,"column":52}},"70":{"start":{"line":272,"column":16},"end":{"line":272,"column":37}},"71":{"start":{"line":283,"column":8},"end":{"line":283,"column":30}},"72":{"start":{"line":284,"column":8},"end":{"line":284,"column":10078}},"73":{"start":{"line":285,"column":12},"end":{"line":285,"column":10140}},"74":{"start":{"line":286,"column":16},"end":{"line":286,"column":10222}},"75":{"start":{"line":289,"column":16},"end":{"line":289,"column":66}},"76":{"start":{"line":291,"column":16},"end":{"line":291,"column":76}},"77":{"start":{"line":293,"column":16},"end":{"line":293,"column":66}},"78":{"start":{"line":296,"column":8},"end":{"line":296,"column":25}},"79":{"start":{"line":305,"column":8},"end":{"line":305,"column":31}},"80":{"start":{"line":306,"column":8},"end":{"line":306,"column":35}},"81":{"start":{"line":307,"column":8},"end":{"line":307,"column":33}},"82":{"start":{"line":308,"column":8},"end":{"line":308,"column":41}},"83":{"start":{"line":309,"column":8},"end":{"line":309,"column":34}},"84":{"start":{"line":310,"column":8},"end":{"line":310,"column":26}},"85":{"start":{"line":315,"column":8},"end":{"line":315,"column":28}},"86":{"start":{"line":316,"column":8},"end":{"line":316,"column":11193}},"87":{"start":{"line":317,"column":12},"end":{"line":317,"column":11255}},"88":{"start":{"line":318,"column":16},"end":{"line":318,"column":11314}},"89":{"start":{"line":319,"column":20},"end":{"line":319,"column":55}},"90":{"start":{"line":320,"column":20},"end":{"line":320,"column":53}},"91":{"start":{"line":322,"column":20},"end":{"line":322,"column":11550}},"92":{"start":{"line":324,"column":20},"end":{"line":324,"column":53}}},"branchMap":{"1":{"line":90,"type":"if","locations":[{"start":{"line":90,"column":8},"end":{"line":90,"column":8}},{"start":{"line":90,"column":8},"end":{"line":90,"column":8}}]},"2":{"line":129,"type":"if","locations":[{"start":{"line":129,"column":8},"end":{"line":129,"column":8}},{"start":{"line":129,"column":8},"end":{"line":129,"column":8}}]},"3":{"line":178,"type":"if","locations":[{"start":{"line":178,"column":8},"end":{"line":178,"column":8}},{"start":{"line":178,"column":8},"end":{"line":178,"column":8}}]},"4":{"line":228,"type":"if","locations":[{"start":{"line":228,"column":12},"end":{"line":228,"column":12}},{"start":{"line":228,"column":12},"end":{"line":228,"column":12}}]},"5":{"line":240,"type":"if","locations":[{"start":{"line":240,"column":8},"end":{"line":240,"column":8}},{"start":{"line":240,"column":8},"end":{"line":240,"column":8}}]},"6":{"line":267,"type":"if","locations":[{"start":{"line":267,"column":12},"end":{"line":267,"column":12}},{"start":{"line":267,"column":12},"end":{"line":267,"column":12}}]},"7":{"line":285,"type":"if","locations":[{"start":{"line":285,"column":12},"end":{"line":285,"column":12}},{"start":{"line":285,"column":12},"end":{"line":285,"column":12}}]},"8":{"line":317,"type":"if","locations":[{"start":{"line":317,"column":12},"end":{"line":317,"column":12}},{"start":{"line":317,"column":12},"end":{"line":317,"column":12}}]},"9":{"line":318,"type":"if","locations":[{"start":{"line":318,"column":16},"end":{"line":318,"column":16}},{"start":{"line":318,"column":16},"end":{"line":318,"column":16}}]}}}}