TN:
SF:/home/yannyd/VLR-Staking/contracts/EvlrStaker.sol
FN:42,constructor
FN:59,getCharityAddress
FN:67,getStakingRewardsBag
FN:75,getTotalCharityCollected
FN:79,_getStakeValue
FN:97,stake
FN:142,unstake
FN:182,_bagsOwned
FN:195,distributeRewards
FN:214,_resetRewardsStakes
FN:226,_getTotalStakedValue
FN:245,_createStakeBag
FN:259,_closeUnstakedBags
FNF:13
FNH:4
FNDA:21,constructor
FNDA:1,getCharityAddress
FNDA:0,getStakingRewardsBag
FNDA:0,getTotalCharityCollected
FNDA:0,_getStakeValue
FNDA:4,stake
FNDA:0,unstake
FNDA:0,_bagsOwned
FNDA:0,distributeRewards
FNDA:0,_resetRewardsStakes
FNDA:0,_getTotalStakedValue
FNDA:4,_createStakeBag
FNDA:0,_closeUnstakedBags
DA:43,21
DA:44,21
DA:45,21
DA:46,21
DA:47,21
DA:48,21
DA:49,21
DA:64,1
DA:72,0
DA:76,0
DA:84,0
DA:85,0
DA:86,0
DA:87,0
DA:91,0
DA:107,4
DA:113,4
DA:114,4
DA:115,4
DA:116,4
DA:117,4
DA:120,4
DA:123,4
DA:126,4
DA:129,4
DA:134,3
DA:135,3
DA:152,0
DA:157,0
DA:158,0
DA:159,0
DA:160,0
DA:162,0
DA:164,0
DA:169,0
DA:170,0
DA:171,0
DA:175,0
DA:177,0
DA:178,0
DA:179,0
DA:187,0
DA:188,0
DA:189,0
DA:190,0
DA:196,0
DA:200,0
DA:204,0
DA:205,0
DA:206,0
DA:207,0
DA:209,0
DA:211,0
DA:215,0
DA:216,0
DA:217,0
DA:218,0
DA:220,0
DA:221,0
DA:231,0
DA:232,0
DA:233,0
DA:234,0
DA:236,0
DA:238,0
DA:239,0
DA:242,0
DA:251,4
DA:252,4
DA:253,4
DA:254,4
DA:255,4
DA:256,4
DA:260,0
DA:261,0
DA:262,0
DA:263,0
DA:264,0
DA:265,0
DA:267,0
DA:269,0
LF:81
LH:26
BRDA:86,1,0,0
BRDA:86,1,1,0
BRDA:107,2,0,4
BRDA:107,2,1,0
BRDA:152,3,0,0
BRDA:152,3,1,0
BRDA:189,4,0,0
BRDA:189,4,1,0
BRDA:196,5,0,0
BRDA:196,5,1,0
BRDA:200,6,0,0
BRDA:200,6,1,0
BRDA:216,7,0,0
BRDA:216,7,1,0
BRDA:233,8,0,0
BRDA:233,8,1,0
BRDA:262,9,0,0
BRDA:262,9,1,0
BRDA:263,10,0,0
BRDA:263,10,1,0
BRF:20
BRH:1
end_of_record
TN:
SF:/home/yannyd/VLR-Staking/contracts/PancakeSwap/IPancakeRouter01.sol
FNF:0
FNH:0
LF:0
LH:0
BRF:0
BRH:0
end_of_record
TN:
SF:/home/yannyd/VLR-Staking/contracts/PancakeSwap/IPancakeRouter02.sol
FNF:0
FNH:0
LF:0
LH:0
BRF:0
BRH:0
end_of_record
TN:
SF:/home/yannyd/VLR-Staking/contracts/SampleBEP20s/MockEVLR1.sol
FN:9,constructor
FN:13,getContractAddress
FNF:2
FNH:1
FNDA:39,constructor
FNDA:0,getContractAddress
DA:10,39
DA:14,0
LF:2
LH:1
BRF:0
BRH:0
end_of_record
TN:
SF:/home/yannyd/VLR-Staking/contracts/SampleBEP20s/MockEVLR2.sol
FN:9,constructor
FN:13,getContractAddress
FNF:2
FNH:1
FNDA:18,constructor
FNDA:0,getContractAddress
DA:10,18
DA:14,0
LF:2
LH:1
BRF:0
BRH:0
end_of_record
TN:
SF:/home/yannyd/VLR-Staking/contracts/SampleBEP20s/MockMTC.sol
FN:9,constructor
FN:13,getContractAddress
FNF:2
FNH:1
FNDA:18,constructor
FNDA:0,getContractAddress
DA:10,18
DA:14,0
LF:2
LH:1
BRF:0
BRH:0
end_of_record
TN:
SF:/home/yannyd/VLR-Staking/contracts/SampleBEP20s/VlrContract.sol
FN:9,constructor
FN:13,getContractAddress
FNF:2
FNH:1
FNDA:18,constructor
FNDA:0,getContractAddress
DA:10,18
DA:14,0
LF:2
LH:1
BRF:0
BRH:0
end_of_record
TN:
SF:/home/yannyd/VLR-Staking/contracts/VlrStaker.sol
FN:37,constructor
FN:57,getCharityAddress
FN:65,getStakingRewardsBag
FN:73,getStake
FN:80,getTotalCharityCollected
FN:83,getStakeValue
FN:102,_buyMtc
FN:114,stakeWithTimeParameters
FN:163,stake
FN:167,unstake
FN:221,_bagsOwned
FN:236,distributeRewards
FN:263,resetRewardsStakes
FN:278,getTotalStakedValue
FN:299,_createStakeBag
FN:314,closeUnstakedBags
FNF:16
FNH:13
FNDA:18,constructor
FNDA:1,getCharityAddress
FNDA:2,getStakingRewardsBag
FNDA:2,getStake
FNDA:0,getTotalCharityCollected
FNDA:21,getStakeValue
FNDA:0,_buyMtc
FNDA:24,stakeWithTimeParameters
FNDA:9,stake
FNDA:9,unstake
FNDA:0,_bagsOwned
FNDA:2,distributeRewards
FNDA:1,resetRewardsStakes
FNDA:6,getTotalStakedValue
FNDA:23,_createStakeBag
FNDA:8,closeUnstakedBags
DA:38,18
DA:39,18
DA:40,18
DA:41,18
DA:42,18
DA:43,18
DA:44,18
DA:45,18
DA:46,18
DA:62,1
DA:70,2
DA:78,2
DA:81,0
DA:88,21
DA:89,21
DA:90,21
DA:91,18
DA:95,3
DA:103,0
DA:104,0
DA:129,24
DA:135,23
DA:136,23
DA:137,23
DA:138,23
DA:139,23
DA:140,23
DA:143,23
DA:146,23
DA:149,23
DA:152,23
DA:153,22
DA:154,22
DA:160,22
DA:164,9
DA:178,9
DA:183,8
DA:184,8
DA:185,8
DA:186,8
DA:187,8
DA:189,8
DA:195,8
DA:200,8
DA:201,8
DA:202,8
DA:210,8
DA:212,8
DA:214,8
DA:216,8
DA:218,8
DA:226,0
DA:227,0
DA:228,0
DA:229,0
DA:240,2
DA:244,1
DA:245,1
DA:246,2
DA:247,2
DA:248,2
DA:249,14
DA:250,14
DA:252,14
DA:259,1
DA:264,1
DA:267,7
DA:268,0
DA:269,0
DA:271,7
DA:272,7
DA:283,6
DA:284,6
DA:285,27
DA:286,3
DA:289,3
DA:291,24
DA:293,24
DA:296,6
DA:305,23
DA:306,23
DA:307,23
DA:308,23
DA:309,23
DA:310,23
DA:315,8
DA:316,8
DA:317,24
DA:318,13
DA:319,5
DA:320,5
DA:322,8
DA:324,8
LF:93
LH:84
BRDA:90,1,0,18
BRDA:90,1,1,3
BRDA:129,2,0,23
BRDA:129,2,1,1
BRDA:178,3,0,8
BRDA:178,3,1,1
BRDA:228,4,0,0
BRDA:228,4,1,0
BRDA:240,5,0,1
BRDA:240,5,1,1
BRDA:267,6,0,0
BRDA:267,6,1,7
BRDA:285,7,0,3
BRDA:285,7,1,24
BRDA:317,8,0,13
BRDA:317,8,1,11
BRDA:318,9,0,5
BRDA:318,9,1,8
BRF:18
BRH:15
end_of_record
